[3734] 27 Dec 17:43:13.647 # Warning: no config file specified, using the default config. In order to specify a config file use redis-server /path/to/redis.conf
[3734] 27 Dec 17:43:13.648 * Max number of open files set to 10032
                _._                                                  
           _.-``__ ''-._                                             
      _.-``    `.  `_.  ''-._           Redis 2.8.3 (00000000/0) 64 bit
  .-`` .-```.  ```\/    _.,_ ''-._                                   
 (    '      ,       .-`  | `,    )     Running in stand alone mode
 |`-._`-...-` __...-.``-._|'` _.-'|     Port: 6379
 |    `-._   `._    /     _.-'    |     PID: 3734
  `-._    `-._  `-./  _.-'    _.-'                                   
 |`-._`-._    `-.__.-'    _.-'_.-'|                                  
 |    `-._`-._        _.-'_.-'    |           http://redis.io        
  `-._    `-._`-.__.-'_.-'    _.-'                                   
 |`-._`-._    `-.__.-'    _.-'_.-'|                                  
 |    `-._`-._        _.-'_.-'    |                                  
  `-._    `-._`-.__.-'_.-'    _.-'                                   
      `-._    `-.__.-'    _.-'                                       
          `-._        _.-'                                           
              `-.__.-'                                               

[3734] 27 Dec 17:43:13.653 # Server started, Redis version 2.8.3
[3734] 27 Dec 17:43:13.653 * DB loaded from disk: 0.000 seconds
[3734] 27 Dec 17:43:13.653 * The server is now ready to accept connections on port 6379
[3734] 27 Dec 18:43:14.083 * 1 changes in 3600 seconds. Saving...
[3734] 27 Dec 18:43:14.083 * Background saving started by pid 4383
[4383] 27 Dec 18:43:14.086 * DB saved on disk
[3734] 27 Dec 18:43:14.184 * Background saving terminated with success
[3734] 27 Dec 22:37:18.301 * 1 changes in 3600 seconds. Saving...
[3734] 27 Dec 22:37:18.301 * Background saving started by pid 5130
[5130] 27 Dec 22:37:18.303 * DB saved on disk
[3734] 27 Dec 22:37:18.402 * Background saving terminated with success
[3734] 27 Dec 23:37:19.088 * 1 changes in 3600 seconds. Saving...
[3734] 27 Dec 23:37:19.089 * Background saving started by pid 5657
[5657] 27 Dec 23:37:19.091 * DB saved on disk
[3734] 27 Dec 23:37:19.191 * Background saving terminated with success
